<?xml version="1.0" encoding="UTF-8"?>
<!-- Generated by org.testng.reporters.JUnitXMLReporter -->
<testsuite ignored="1" hostname="LAPTOP-0SEFNBJ7" failures="0" tests="4" name="Test" time="91.4" errors="0" timestamp="2022-04-24T12:59:10 IST">
  <testcase classname="Project.WebsiteOpenTest" name="WebsiteToOpen" time="18.459"/>
  <testcase classname="Project.WebsiteOpenTest" name="loginAuth" time="1.787"/>
  <testcase classname="Project.WebsiteOpenTest" name="loginAuth" time="4.141"/>
  <testcase classname="Project.WebsiteOpenTest" name="loginAuth" time="0.902"/>
  <testcase classname="Project.baseTest" name="@BeforeTest InitializeDriver" time="0.0">
    <ignored/>
  </testcase> <!-- @BeforeTest InitializeDriver -->
</testsuite> <!-- Test -->
