<?xml version="1.0" encoding="UTF-8"?>
<testng-results ignored="1" total="5" passed="4" failed="0" skipped="0">
  <reporter-output>
  </reporter-output>
  <suite started-at="2022-04-24T12:57:38 IST" name="Suite" finished-at="2022-04-24T12:59:10 IST" duration-ms="91400">
    <groups>
    </groups>
    <test started-at="2022-04-24T12:57:38 IST" name="Test" finished-at="2022-04-24T12:59:10 IST" duration-ms="91400">
      <class name="Project.WebsiteOpenTest">
        <test-method is-config="true" signature="InitializeDriver()[pri:0, instance:Project.WebsiteOpenTest@6dee4f1b]" started-at="2022-04-24T12:57:38 IST" name="InitializeDriver" finished-at="2022-04-24T12:58:41 IST" duration-ms="62838" status="PASS">
          <reporter-output>
          </reporter-output>
        </test-method> <!-- InitializeDriver -->
        <test-method signature="WebsiteToOpen()[pri:0, instance:Project.WebsiteOpenTest@6dee4f1b]" started-at="2022-04-24T12:58:41 IST" name="WebsiteToOpen" finished-at="2022-04-24T12:59:00 IST" duration-ms="18459" status="PASS">
          <reporter-output>
          </reporter-output>
        </test-method> <!-- WebsiteToOpen -->
        <test-method signature="loginAuth(java.lang.String,java.lang.String)[pri:0, instance:Project.WebsiteOpenTest@6dee4f1b]" started-at="2022-04-24T12:59:00 IST" name="loginAuth" data-provider="getData" finished-at="2022-04-24T12:59:01 IST" depends-on-methods="Project.WebsiteOpenTest.WebsiteToOpen" duration-ms="1787" status="PASS">
          <params>
            <param index="0">
              <value>
                <![CDATA[FirstUser]]>
              </value>
            </param>
            <param index="1">
              <value>
                <![CDATA[FirstPassword]]>
              </value>
            </param>
          </params>
          <reporter-output>
          </reporter-output>
        </test-method> <!-- loginAuth -->
        <test-method signature="loginAuth(java.lang.String,java.lang.String)[pri:0, instance:Project.WebsiteOpenTest@6dee4f1b]" started-at="2022-04-24T12:59:01 IST" name="loginAuth" data-provider="getData" finished-at="2022-04-24T12:59:06 IST" depends-on-methods="Project.WebsiteOpenTest.WebsiteToOpen" duration-ms="4141" status="PASS">
          <params>
            <param index="0">
              <value>
                <![CDATA[tomsmith]]>
              </value>
            </param>
            <param index="1">
              <value>
                <![CDATA[SuperSecretPassword!]]>
              </value>
            </param>
          </params>
          <reporter-output>
          </reporter-output>
        </test-method> <!-- loginAuth -->
        <test-method signature="loginAuth(java.lang.String,java.lang.String)[pri:0, instance:Project.WebsiteOpenTest@6dee4f1b]" started-at="2022-04-24T12:59:06 IST" name="loginAuth" data-provider="getData" finished-at="2022-04-24T12:59:06 IST" depends-on-methods="Project.WebsiteOpenTest.WebsiteToOpen" duration-ms="902" status="PASS">
          <params>
            <param index="0">
              <value>
                <![CDATA[ThirdtUser]]>
              </value>
            </param>
            <param index="1">
              <value>
                <![CDATA[ThirdPassword]]>
              </value>
            </param>
          </params>
          <reporter-output>
          </reporter-output>
        </test-method> <!-- loginAuth -->
        <test-method is-config="true" signature="WebSiteToClose()[pri:0, instance:Project.WebsiteOpenTest@6dee4f1b]" started-at="2022-04-24T12:59:06 IST" name="WebSiteToClose" finished-at="2022-04-24T12:59:10 IST" duration-ms="3204" status="PASS">
          <reporter-output>
          </reporter-output>
        </test-method> <!-- WebSiteToClose -->
      </class> <!-- Project.WebsiteOpenTest -->
    </test> <!-- Test -->
  </suite> <!-- Suite -->
</testng-results>
